============================================================
📡 CONFIRMATION RECEIVER STARTED
============================================================
Started: 2025-08-11T04:49:16.080937
Listening on port 5558 for EA confirmations...
------------------------------------------------------------

✅✅✅ CONFIRMATION RECEIVED at 04:49:16:
----------------------------------------
{
  "type": "confirmation",
  "command_type": "fire",
  "node_id": "NODE_843859_1417750234",
  "user_uuid": "COMMANDER_DEV_001",
  "status": "success",
  "ticket": 20697862,
  "price": 1.16747,
  "lot": 0.01,
  "message": "Trade executed successfully",
  "account": 843859,
  "balance": 849.24,
  "equity": 819.4,
  "free_margin": 324.56,
  "margin_level": 165.59,
  "timestamp": "2025.08.11 07:48:57"
}
----------------------------------------
🎉 TRADE EXECUTED SUCCESSFULLY!
  Ticket: 20697862
  Price: 1.16747
  Symbol: N/A
....
✅✅✅ CONFIRMATION RECEIVED at 04:49:37:
----------------------------------------
{
  "type": "confirmation",
  "command_type": "fire",
  "node_id": "NODE_843859_1417750234",
  "user_uuid": "COMMANDER_DEV_001",
  "status": "success",
  "ticket": 20697864,
  "price": 1.1675,
  "lot": 0.01,
  "message": "Trade executed successfully",
  "account": 843859,
  "balance": 849.23,
  "equity": 815.75,
  "free_margin": 325.55,
  "margin_level": 166.42,
  "timestamp": "2025.08.11 07:49:37"
}
----------------------------------------
🎉 TRADE EXECUTED SUCCESSFULLY!
  Ticket: 20697864
  Price: 1.1675
  Symbol: N/A
...................................................................................................................................................................................................................................................................................................................................................................................................................................................................................................................................................................................................................................................................................................................................................................................................................................................................................................................................................................................................................................................................................................................................................................................................................................................................................................................................................................................................................................................................................................................................................................................................................................................................................................................................................................................................................................................................................................................................................................................................................................................................................................................................................................................................................................................................................................................................................................................................................................................................................................................................................................................................................................................................................................................................................................................................................................................................................................................................................................................................................................................................................................................................................................................................................................................................................................................................................................................................................................................................................................................................................................................................................................................................................................................................................................................................................................................................................................................................................................................................................................................................................................................................................................................................................................................................................................................................................................................................................................................................................................................................................................................................................................................................................................................................................................................................................................................................................................................................................................................................................................................................................................................................................................................................................................................................................................................................................................................................................................................................................................................................................................................................................................................................................................................................................................................................................................................................................................................................................................................................................................................................................................................................................................................................................................................................................................................................................................................................................................................................................................................................................................................................................................................................................................................................................................................................................................................................................................................................................................................................................................................................................................................................................................................................................................................................................................................................................